<?xml version="1.0" encoding="UTF-8"?>
<testng-results ignored="0" total="1" passed="1" failed="0" skipped="0">
  <reporter-output>
  </reporter-output>
  <suite started-at="2022-03-28T14:45:29 EDT" name="helloworld_raji.TestHelloWorld" finished-at="2022-03-28T14:45:29 EDT" duration-ms="51">
    <groups>
    </groups>
    <test started-at="2022-03-28T14:45:29 EDT" name="Command line test" finished-at="2022-03-28T14:45:29 EDT" duration-ms="51">
      <class name="helloworld_raji.TestHelloWorld">
        <test-method signature="test()[pri:0, instance:helloworld_raji.TestHelloWorld@31f924f5]" started-at="2022-03-28T14:45:29 EDT" name="test" finished-at="2022-03-28T14:45:29 EDT" duration-ms="6" status="PASS">
          <reporter-output>
          </reporter-output>
        </test-method> <!-- test -->
      </class> <!-- helloworld_raji.TestHelloWorld -->
    </test> <!-- Command line test -->
  </suite> <!-- helloworld_raji.TestHelloWorld -->
</testng-results>
